[debug] [2025-06-10T08:15:02.860Z] ----------------------------------------------------------------------
[debug] [2025-06-10T08:15:02.864Z] Command:       /home/jesse/.nvm/versions/node/v22.16.0/bin/node /home/jesse/.nvm/versions/node/v22.16.0/bin/firebase init hosting
[debug] [2025-06-10T08:15:02.866Z] CLI Version:   14.6.0
[debug] [2025-06-10T08:15:02.867Z] Platform:      linux
[debug] [2025-06-10T08:15:02.867Z] Node Version:  v22.16.0
[debug] [2025-06-10T08:15:02.868Z] Time:          Tue Jun 10 2025 11:15:02 GMT+0300 (East Africa Time)
[debug] [2025-06-10T08:15:02.868Z] ----------------------------------------------------------------------
[debug] 
[debug] [2025-06-10T08:15:02.874Z] >>> [apiv2][query] GET https://firebase-public.firebaseio.com/cli.json [none]
[debug] [2025-06-10T08:15:02.962Z] > command requires scopes: ["email","openid","https://www.googleapis.com/auth/cloudplatformprojects.readonly","https://www.googleapis.com/auth/firebase","https://www.googleapis.com/auth/cloud-platform"]
[debug] [2025-06-10T08:15:02.963Z] > authorizing via signed-in user (kipsangjesse17@gmail.com)
[info] 
     ######## #### ########  ######## ########     ###     ######  ########
     ##        ##  ##     ## ##       ##     ##  ##   ##  ##       ##
     ######    ##  ########  ######   ########  #########  ######  ######
     ##        ##  ##    ##  ##       ##     ## ##     ##       ## ##
     ##       #### ##     ## ######## ########  ##     ##  ######  ########

You're about to initialize a Firebase project in this directory:

  /home/jesse/Development/code/Projects/diet-track

[info] 
=== Project Setup
[info] 
[info] First, let's associate this project directory with a Firebase project.
[info] You can create multiple project aliases by running firebase use --add, 
[info] but for now we'll just set up a default project.
[info] 
[debug] [2025-06-10T08:15:03.003Z] Checked if tokens are valid: false, expires at: 1749154829861
[debug] [2025-06-10T08:15:03.004Z] Checked if tokens are valid: false, expires at: 1749154829861
[debug] [2025-06-10T08:15:03.004Z] > refreshing access token with scopes: []
[debug] [2025-06-10T08:15:03.007Z] >>> [apiv2][query] POST https://www.googleapis.com/oauth2/v3/token [none]
[debug] [2025-06-10T08:15:03.007Z] >>> [apiv2][body] POST https://www.googleapis.com/oauth2/v3/token [omitted]
[debug] [2025-06-10T08:15:03.473Z] <<< [apiv2][status] POST https://www.googleapis.com/oauth2/v3/token 200
[debug] [2025-06-10T08:15:03.473Z] <<< [apiv2][body] POST https://www.googleapis.com/oauth2/v3/token [omitted]
[debug] [2025-06-10T08:15:03.486Z] >>> [apiv2][query] GET https://firebase.googleapis.com/v1beta1/projects pageSize=100
[debug] [2025-06-10T08:15:03.559Z] <<< [apiv2][status] GET https://firebase-public.firebaseio.com/cli.json 200
[debug] [2025-06-10T08:15:03.560Z] <<< [apiv2][body] GET https://firebase-public.firebaseio.com/cli.json {"cloudBuildErrorAfter":1594252800000,"cloudBuildWarnAfter":1590019200000,"defaultNode10After":1594252800000,"minVersion":"3.0.5","node8DeploysDisabledAfter":1613390400000,"node8RuntimeDisabledAfter":1615809600000,"node8WarnAfter":1600128000000}
[debug] [2025-06-10T08:15:04.283Z] <<< [apiv2][status] GET https://firebase.googleapis.com/v1beta1/projects 200
[debug] [2025-06-10T08:15:04.283Z] <<< [apiv2][body] GET https://firebase.googleapis.com/v1beta1/projects [omitted]
